Performing C SOURCE FILE Test CMAKE_HAVE_LIBC_PTHREAD failed with the following output:
Change Dir: /home/wy/CLionProjects/untitled/seg_box(copy)/cmake-build-debug/CMakeFiles/CMakeTmp

Run Build Command(s):/usr/bin/make cmTC_622e0/fast && /usr/bin/make  -f CMakeFiles/cmTC_622e0.dir/build.make CMakeFiles/cmTC_622e0.dir/build
make[1]: Entering directory '/home/wy/CLionProjects/untitled/seg_box(copy)/cmake-build-debug/CMakeFiles/CMakeTmp'
Building C object CMakeFiles/cmTC_622e0.dir/src.c.o
/usr/bin/cc   -DCMAKE_HAVE_LIBC_PTHREAD   -o CMakeFiles/cmTC_622e0.dir/src.c.o   -c "/home/wy/CLionProjects/untitled/seg_box(copy)/cmake-build-debug/CMakeFiles/CMakeTmp/src.c"
Linking C executable cmTC_622e0
/home/wy/Documents/CLion-2020.2.4/clion-2020.2.4/bin/cmake/linux/bin/cmake -E cmake_link_script CMakeFiles/cmTC_622e0.dir/link.txt --verbose=1
/usr/bin/cc  -DCMAKE_HAVE_LIBC_PTHREAD    CMakeFiles/cmTC_622e0.dir/src.c.o  -o cmTC_622e0 
CMakeFiles/cmTC_622e0.dir/src.c.o: In function `main':
src.c:(.text+0x3e): undefined reference to `pthread_create'
src.c:(.text+0x4a): undefined reference to `pthread_detach'
src.c:(.text+0x56): undefined reference to `pthread_cancel'
src.c:(.text+0x67): undefined reference to `pthread_join'
src.c:(.text+0x7b): undefined reference to `pthread_atfork'
collect2: error: ld returned 1 exit status
CMakeFiles/cmTC_622e0.dir/build.make:106: recipe for target 'cmTC_622e0' failed
make[1]: *** [cmTC_622e0] Error 1
make[1]: Leaving directory '/home/wy/CLionProjects/untitled/seg_box(copy)/cmake-build-debug/CMakeFiles/CMakeTmp'
Makefile:141: recipe for target 'cmTC_622e0/fast' failed
make: *** [cmTC_622e0/fast] Error 2


Source file was:
#include <pthread.h>

void* test_func(void* data)
{
  return data;
}

int main(void)
{
  pthread_t thread;
  pthread_create(&thread, NULL, test_func, NULL);
  pthread_detach(thread);
  pthread_cancel(thread);
  pthread_join(thread, NULL);
  pthread_atfork(NULL, NULL, NULL);
  pthread_exit(NULL);

  return 0;
}

Determining if the function pthread_create exists in the pthreads failed with the following output:
Change Dir: /home/wy/CLionProjects/untitled/seg_box(copy)/cmake-build-debug/CMakeFiles/CMakeTmp

Run Build Command(s):/usr/bin/make cmTC_01264/fast && /usr/bin/make  -f CMakeFiles/cmTC_01264.dir/build.make CMakeFiles/cmTC_01264.dir/build
make[1]: Entering directory '/home/wy/CLionProjects/untitled/seg_box(copy)/cmake-build-debug/CMakeFiles/CMakeTmp'
Building C object CMakeFiles/cmTC_01264.dir/CheckFunctionExists.c.o
/usr/bin/cc   -DCHECK_FUNCTION_EXISTS=pthread_create   -o CMakeFiles/cmTC_01264.dir/CheckFunctionExists.c.o   -c /home/wy/Documents/CLion-2020.2.4/clion-2020.2.4/bin/cmake/linux/share/cmake-3.17/Modules/CheckFunctionExists.c
Linking C executable cmTC_01264
/home/wy/Documents/CLion-2020.2.4/clion-2020.2.4/bin/cmake/linux/bin/cmake -E cmake_link_script CMakeFiles/cmTC_01264.dir/link.txt --verbose=1
/usr/bin/cc  -DCHECK_FUNCTION_EXISTS=pthread_create    CMakeFiles/cmTC_01264.dir/CheckFunctionExists.c.o  -o cmTC_01264  -lpthreads 
/usr/bin/ld: cannot find -lpthreads
collect2: error: ld returned 1 exit status
CMakeFiles/cmTC_01264.dir/build.make:106: recipe for target 'cmTC_01264' failed
make[1]: *** [cmTC_01264] Error 1
make[1]: Leaving directory '/home/wy/CLionProjects/untitled/seg_box(copy)/cmake-build-debug/CMakeFiles/CMakeTmp'
Makefile:141: recipe for target 'cmTC_01264/fast' failed
make: *** [cmTC_01264/fast] Error 2



